#
# There is insufficient memory for the Java Runtime Environment to continue.
# Native memory allocation (malloc) failed to allocate 716177408 bytes for committing reserved memory.
# Possible reasons:
#   The system is out of physical RAM or swap space
#   In 32 bit mode, the process size limit was hit
# Possible solutions:
#   Reduce memory load on the system
#   Increase physical memory or swap space
#   Check if swap backing store is full
#   Use 64 bit Java on a 64 bit OS
#   Decrease Java heap size (-Xmx/-Xms)
#   Decrease number of Java threads
#   Decrease Java thread stack sizes (-Xss)
#   Set larger code cache with -XX:ReservedCodeCacheSize=
# This output file may be truncated or incomplete.
#
#  Out of Memory Error (os_linux.cpp:2718), pid=9673, tid=139834220898048
#
# JRE version:  (7.0_40-b43) (build )
# Java VM: Java HotSpot(TM) 64-Bit Server VM (24.0-b56 mixed mode linux-amd64 compressed oops)
# Failed to write core dump. Core dumps have been disabled. To enable core dumping, try "ulimit -c unlimited" before starting Java again
#

---------------  T H R E A D  ---------------

Current thread (0x00007f2da8009800):  JavaThread "Unknown thread" [_thread_in_vm, id=9674, stack(0x00007f2db1006000,0x00007f2db1107000)]

Stack: [0x00007f2db1006000,0x00007f2db1107000],  sp=0x00007f2db11051a0,  free space=1020k
Native frames: (J=compiled Java code, j=interpreted, Vv=VM code, C=native code)
V  [libjvm.so+0x99242a]  VMError::report_and_die()+0x2ea
V  [libjvm.so+0x49316b]  report_vm_out_of_memory(char const*, int, unsigned long, char const*)+0x9b
V  [libjvm.so+0x8128de]  os::Linux::commit_memory_impl(char*, unsigned long, bool)+0xfe
V  [libjvm.so+0x812d8f]  os::Linux::commit_memory_impl(char*, unsigned long, unsigned long, bool)+0x4f
V  [libjvm.so+0x812f4c]  os::pd_commit_memory(char*, unsigned long, unsigned long, bool)+0xc
V  [libjvm.so+0x80d03a]  os::commit_memory(char*, unsigned long, unsigned long, bool)+0x2a
V  [libjvm.so+0x87f203]  PSVirtualSpace::expand_by(unsigned long)+0x53
V  [libjvm.so+0x86e023]  PSOldGen::initialize(ReservedSpace, unsigned long, char const*, int)+0x103
V  [libjvm.so+0x299013]  AdjoiningGenerations::AdjoiningGenerations(ReservedSpace, unsigned long, unsigned long, unsigned long, unsigned long, unsigned long, unsigned long, unsigned long)+0x3e3
V  [libjvm.so+0x833710]  ParallelScavengeHeap::initialize()+0x550
V  [libjvm.so+0x9659fa]  Universe::initialize_heap()+0xca
V  [libjvm.so+0x966bc9]  universe_init()+0x79
V  [libjvm.so+0x5a95c5]  init_globals()+0x65
V  [libjvm.so+0x94e4bd]  Threads::create_vm(JavaVMInitArgs*, bool*)+0x1ed
V  [libjvm.so+0x630004]  JNI_CreateJavaVM+0x74
C  [libjli.so+0x2f8e]  JavaMain+0x9e


---------------  P R O C E S S  ---------------

Java Threads: ( => current thread )

Other Threads:

=>0x00007f2da8009800 (exited) JavaThread "Unknown thread" [_thread_in_vm, id=9674, stack(0x00007f2db1006000,0x00007f2db1107000)]

VM state:not at safepoint (not fully initialized)

VM Mutex/Monitor currently owned by a thread: None

GC Heap History (0 events):
No events

Deoptimization events (0 events):
No events

Internal exceptions (0 events):
No events

Events (0 events):
No events


Dynamic libraries:
00400000-00401000 r-xp 00000000 08:07 288369                             /usr/lib/jvm/jdk1.7.0_40/bin/java
00600000-00601000 rw-p 00000000 08:07 288369                             /usr/lib/jvm/jdk1.7.0_40/bin/java
00a77000-00a98000 rw-p 00000000 00:00 0                                  [heap]
aff80000-bff80000 rw-p 00000000 00:00 0 
eaa80000-100000000 rw-p 00000000 00:00 0 
7f2da0000000-7f2da0270000 rwxp 00000000 00:00 0 
7f2da0270000-7f2da8025000 rw-p 00000000 00:00 0 
7f2da8025000-7f2dac000000 ---p 00000000 00:00 0 
7f2dadc44000-7f2dade89000 rw-p 00000000 00:00 0 
7f2dade89000-7f2dae05e000 rw-p 00000000 00:00 0 
7f2dae05e000-7f2dae114000 rw-p 00000000 00:00 0 
7f2dae114000-7f2dae30a000 rw-p 00000000 00:00 0 
7f2dae30a000-7f2dae324000 r-xp 00000000 08:07 288507                     /usr/lib/jvm/jdk1.7.0_40/jre/lib/amd64/libzip.so
7f2dae324000-7f2dae524000 ---p 0001a000 08:07 288507                     /usr/lib/jvm/jdk1.7.0_40/jre/lib/amd64/libzip.so
7f2dae524000-7f2dae525000 rw-p 0001a000 08:07 288507                     /usr/lib/jvm/jdk1.7.0_40/jre/lib/amd64/libzip.so
7f2dae525000-7f2dae531000 r-xp 00000000 08:08 659951                     /lib/x86_64-linux-gnu/libnss_files-2.17.so
7f2dae531000-7f2dae730000 ---p 0000c000 08:08 659951                     /lib/x86_64-linux-gnu/libnss_files-2.17.so
7f2dae730000-7f2dae731000 r--p 0000b000 08:08 659951                     /lib/x86_64-linux-gnu/libnss_files-2.17.so
7f2dae731000-7f2dae732000 rw-p 0000c000 08:08 659951                     /lib/x86_64-linux-gnu/libnss_files-2.17.so
7f2dae732000-7f2dae73d000 r-xp 00000000 08:08 659825                     /lib/x86_64-linux-gnu/libnss_nis-2.17.so
7f2dae73d000-7f2dae93c000 ---p 0000b000 08:08 659825                     /lib/x86_64-linux-gnu/libnss_nis-2.17.so
7f2dae93c000-7f2dae93d000 r--p 0000a000 08:08 659825                     /lib/x86_64-linux-gnu/libnss_nis-2.17.so
7f2dae93d000-7f2dae93e000 rw-p 0000b000 08:08 659825                     /lib/x86_64-linux-gnu/libnss_nis-2.17.so
7f2dae93e000-7f2dae955000 r-xp 00000000 08:08 655409                     /lib/x86_64-linux-gnu/libnsl-2.17.so
7f2dae955000-7f2daeb54000 ---p 00017000 08:08 655409                     /lib/x86_64-linux-gnu/libnsl-2.17.so
7f2daeb54000-7f2daeb55000 r--p 00016000 08:08 655409                     /lib/x86_64-linux-gnu/libnsl-2.17.so
7f2daeb55000-7f2daeb56000 rw-p 00017000 08:08 655409                     /lib/x86_64-linux-gnu/libnsl-2.17.so
7f2daeb56000-7f2daeb58000 rw-p 00000000 00:00 0 
7f2daeb58000-7f2daeb60000 r-xp 00000000 08:08 659725                     /lib/x86_64-linux-gnu/libnss_compat-2.17.so
7f2daeb60000-7f2daed5f000 ---p 00008000 08:08 659725                     /lib/x86_64-linux-gnu/libnss_compat-2.17.so
7f2daed5f000-7f2daed60000 r--p 00007000 08:08 659725                     /lib/x86_64-linux-gnu/libnss_compat-2.17.so
7f2daed60000-7f2daed61000 rw-p 00008000 08:08 659725                     /lib/x86_64-linux-gnu/libnss_compat-2.17.so
7f2daed61000-7f2daed8a000 r-xp 00000000 08:07 288508                     /usr/lib/jvm/jdk1.7.0_40/jre/lib/amd64/libjava.so
7f2daed8a000-7f2daef8a000 ---p 00029000 08:07 288508                     /usr/lib/jvm/jdk1.7.0_40/jre/lib/amd64/libjava.so
7f2daef8a000-7f2daef8c000 rw-p 00029000 08:07 288508                     /usr/lib/jvm/jdk1.7.0_40/jre/lib/amd64/libjava.so
7f2daef8c000-7f2daef99000 r-xp 00000000 08:07 288471                     /usr/lib/jvm/jdk1.7.0_40/jre/lib/amd64/libverify.so
7f2daef99000-7f2daf198000 ---p 0000d000 08:07 288471                     /usr/lib/jvm/jdk1.7.0_40/jre/lib/amd64/libverify.so
7f2daf198000-7f2daf19a000 rw-p 0000c000 08:07 288471                     /usr/lib/jvm/jdk1.7.0_40/jre/lib/amd64/libverify.so
7f2daf19a000-7f2daf1a1000 r-xp 00000000 08:08 659952                     /lib/x86_64-linux-gnu/librt-2.17.so
7f2daf1a1000-7f2daf3a0000 ---p 00007000 08:08 659952                     /lib/x86_64-linux-gnu/librt-2.17.so
7f2daf3a0000-7f2daf3a1000 r--p 00006000 08:08 659952                     /lib/x86_64-linux-gnu/librt-2.17.so
7f2daf3a1000-7f2daf3a2000 rw-p 00007000 08:08 659952                     /lib/x86_64-linux-gnu/librt-2.17.so
7f2daf3a2000-7f2daf4a5000 r-xp 00000000 08:08 659783                     /lib/x86_64-linux-gnu/libm-2.17.so
7f2daf4a5000-7f2daf6a4000 ---p 00103000 08:08 659783                     /lib/x86_64-linux-gnu/libm-2.17.so
7f2daf6a4000-7f2daf6a5000 r--p 00102000 08:08 659783                     /lib/x86_64-linux-gnu/libm-2.17.so
7f2daf6a5000-7f2daf6a6000 rw-p 00103000 08:08 659783                     /lib/x86_64-linux-gnu/libm-2.17.so
7f2daf6a6000-7f2db0208000 r-xp 00000000 08:07 288459                     /usr/lib/jvm/jdk1.7.0_40/jre/lib/amd64/server/libjvm.so
7f2db0208000-7f2db0408000 ---p 00b62000 08:07 288459                     /usr/lib/jvm/jdk1.7.0_40/jre/lib/amd64/server/libjvm.so
7f2db0408000-7f2db04cb000 rw-p 00b62000 08:07 288459                     /usr/lib/jvm/jdk1.7.0_40/jre/lib/amd64/server/libjvm.so
7f2db04cb000-7f2db050c000 rw-p 00000000 00:00 0 
7f2db050c000-7f2db06c9000 r-xp 00000000 08:08 659963                     /lib/x86_64-linux-gnu/libc-2.17.so
7f2db06c9000-7f2db08c9000 ---p 001bd000 08:08 659963                     /lib/x86_64-linux-gnu/libc-2.17.so
7f2db08c9000-7f2db08cd000 r--p 001bd000 08:08 659963                     /lib/x86_64-linux-gnu/libc-2.17.so
7f2db08cd000-7f2db08cf000 rw-p 001c1000 08:08 659963                     /lib/x86_64-linux-gnu/libc-2.17.so
7f2db08cf000-7f2db08d4000 rw-p 00000000 00:00 0 
7f2db08d4000-7f2db08d7000 r-xp 00000000 08:08 659964                     /lib/x86_64-linux-gnu/libdl-2.17.so
7f2db08d7000-7f2db0ad6000 ---p 00003000 08:08 659964                     /lib/x86_64-linux-gnu/libdl-2.17.so
7f2db0ad6000-7f2db0ad7000 r--p 00002000 08:08 659964                     /lib/x86_64-linux-gnu/libdl-2.17.so
7f2db0ad7000-7f2db0ad8000 rw-p 00003000 08:08 659964                     /lib/x86_64-linux-gnu/libdl-2.17.so
7f2db0ad8000-7f2db0aee000 r-xp 00000000 08:07 288500                     /usr/lib/jvm/jdk1.7.0_40/jre/lib/amd64/jli/libjli.so
7f2db0aee000-7f2db0cee000 ---p 00016000 08:07 288500                     /usr/lib/jvm/jdk1.7.0_40/jre/lib/amd64/jli/libjli.so
7f2db0cee000-7f2db0cef000 rw-p 00016000 08:07 288500                     /usr/lib/jvm/jdk1.7.0_40/jre/lib/amd64/jli/libjli.so
7f2db0cef000-7f2db0d06000 r-xp 00000000 08:08 659967                     /lib/x86_64-linux-gnu/libpthread-2.17.so
7f2db0d06000-7f2db0f06000 ---p 00017000 08:08 659967                     /lib/x86_64-linux-gnu/libpthread-2.17.so
7f2db0f06000-7f2db0f07000 r--p 00017000 08:08 659967                     /lib/x86_64-linux-gnu/libpthread-2.17.so
7f2db0f07000-7f2db0f08000 rw-p 00018000 08:08 659967                     /lib/x86_64-linux-gnu/libpthread-2.17.so
7f2db0f08000-7f2db0f0c000 rw-p 00000000 00:00 0 
7f2db0f0c000-7f2db0f2f000 r-xp 00000000 08:08 659819                     /lib/x86_64-linux-gnu/ld-2.17.so
7f2db1006000-7f2db1009000 ---p 00000000 00:00 0 
7f2db1009000-7f2db110b000 rw-p 00000000 00:00 0                          [stack:9674]
7f2db1120000-7f2db1122000 rw-p 00000000 00:00 0 
7f2db1122000-7f2db112a000 rw-s 00000000 08:08 1179863                    /tmp/hsperfdata_fonhorst/9673
7f2db112a000-7f2db112b000 rw-p 00000000 00:00 0 
7f2db112b000-7f2db112c000 r--p 00000000 00:00 0 
7f2db112c000-7f2db112e000 rw-p 00000000 00:00 0 
7f2db112e000-7f2db112f000 r--p 00022000 08:08 659819                     /lib/x86_64-linux-gnu/ld-2.17.so
7f2db112f000-7f2db1131000 rw-p 00023000 08:08 659819                     /lib/x86_64-linux-gnu/ld-2.17.so
7ffff1174000-7ffff1195000 rw-p 00000000 00:00 0                          [stack]
7ffff11fe000-7ffff1200000 r-xp 00000000 00:00 0                          [vdso]
ffffffffff600000-ffffffffff601000 r-xp 00000000 00:00 0                  [vsyscall]

VM Arguments:
jvm_args: -Xms1024m -Xmx1024m -XX:MaxPermSize=256m -XX:ReservedCodeCacheSize=128m 
java_command: /usr/share/sbt/bin/sbt-launch.jar
Launcher Type: SUN_STANDARD

Environment Variables:
PATH=/usr/lib/lightdm/lightdm:/usr/local/sbin:/usr/local/bin:/usr/sbin:/usr/bin:/sbin:/bin:/usr/games:/usr/local/games
SHELL=/bin/bash
DISPLAY=:0

Signal Handlers:
SIGSEGV: [libjvm.so+0x992d50], sa_mask[0]=0x7ffbfeff, sa_flags=0x10000004
SIGBUS: [libjvm.so+0x992d50], sa_mask[0]=0x7ffbfeff, sa_flags=0x10000004
SIGFPE: [libjvm.so+0x80fb00], sa_mask[0]=0x7ffbfeff, sa_flags=0x10000004
SIGPIPE: [libjvm.so+0x80fb00], sa_mask[0]=0x7ffbfeff, sa_flags=0x10000004
SIGXFSZ: [libjvm.so+0x80fb00], sa_mask[0]=0x7ffbfeff, sa_flags=0x10000004
SIGILL: [libjvm.so+0x80fb00], sa_mask[0]=0x7ffbfeff, sa_flags=0x10000004
SIGUSR1: SIG_DFL, sa_mask[0]=0x00000000, sa_flags=0x00000000
SIGUSR2: [libjvm.so+0x810ff0], sa_mask[0]=0x00000000, sa_flags=0x10000004
SIGHUP: SIG_DFL, sa_mask[0]=0x00000000, sa_flags=0x00000000
SIGINT: SIG_DFL, sa_mask[0]=0x00000000, sa_flags=0x00000000
SIGTERM: SIG_DFL, sa_mask[0]=0x00000000, sa_flags=0x00000000
SIGQUIT: SIG_DFL, sa_mask[0]=0x00000000, sa_flags=0x00000000


---------------  S Y S T E M  ---------------

OS:wheezy/sid

uname:Linux 3.11.0-13-generic #20-Ubuntu SMP Wed Oct 23 07:38:26 UTC 2013 x86_64
libc:glibc 2.17 NPTL 2.17 
rlimit: STACK 8192k, CORE 0k, NPROC 23267, NOFILE 4096, AS infinity
load average:0.65 1.18 1.42

/proc/meminfo:
MemTotal:        3006124 kB
MemFree:           77256 kB
Buffers:           16396 kB
Cached:           124220 kB
SwapCached:        67048 kB
Active:          2161756 kB
Inactive:         588024 kB
Active(anon):    2097160 kB
Inactive(anon):   525004 kB
Active(file):      64596 kB
Inactive(file):    63020 kB
Unevictable:          48 kB
Mlocked:              48 kB
SwapTotal:       1028124 kB
SwapFree:         153520 kB
Dirty:               220 kB
Writeback:             0 kB
AnonPages:       2548336 kB
Mapped:            79188 kB
Shmem:             12916 kB
Slab:              69696 kB
SReclaimable:      31596 kB
SUnreclaim:        38100 kB
KernelStack:        5592 kB
PageTables:        49736 kB
NFS_Unstable:          0 kB
Bounce:                0 kB
WritebackTmp:          0 kB
CommitLimit:     2531184 kB
Committed_AS:    8029752 kB
VmallocTotal:   34359738367 kB
VmallocUsed:      284720 kB
VmallocChunk:   34359450204 kB
HardwareCorrupted:     0 kB
AnonHugePages:         0 kB
HugePages_Total:       0
HugePages_Free:        0
HugePages_Rsvd:        0
HugePages_Surp:        0
Hugepagesize:       2048 kB
DirectMap4k:       69600 kB
DirectMap2M:     3000320 kB


CPU:total 4 (2 cores per cpu, 2 threads per core) family 6 model 37 stepping 2, cmov, cx8, fxsr, mmx, sse, sse2, sse3, ssse3, sse4.1, sse4.2, popcnt, ht, tsc, tscinvbit

/proc/cpuinfo:
processor	: 0
vendor_id	: GenuineIntel
cpu family	: 6
model		: 37
model name	: Intel(R) Core(TM) i3 CPU       M 330  @ 2.13GHz
stepping	: 2
microcode	: 0x8
cpu MHz		: 2133.000
cache size	: 3072 KB
physical id	: 0
siblings	: 4
core id		: 0
cpu cores	: 2
apicid		: 0
initial apicid	: 0
fpu		: yes
fpu_exception	: yes
cpuid level	: 11
wp		: yes
flags		: fpu vme de pse tsc msr pae mce cx8 apic sep mtrr pge mca cmov pat pse36 clflush dts acpi mmx fxsr sse sse2 ss ht tm pbe syscall nx rdtscp lm constant_tsc arch_perfmon pebs bts nopl xtopology nonstop_tsc aperfmperf pni dtes64 monitor ds_cpl vmx est tm2 ssse3 cx16 xtpr pdcm sse4_1 sse4_2 popcnt lahf_lm arat dtherm tpr_shadow vnmi flexpriority ept vpid
bogomips	: 4256.78
clflush size	: 64
cache_alignment	: 64
address sizes	: 36 bits physical, 48 bits virtual
power management:

processor	: 1
vendor_id	: GenuineIntel
cpu family	: 6
model		: 37
model name	: Intel(R) Core(TM) i3 CPU       M 330  @ 2.13GHz
stepping	: 2
microcode	: 0x8
cpu MHz		: 2133.000
cache size	: 3072 KB
physical id	: 0
siblings	: 4
core id		: 0
cpu cores	: 2
apicid		: 1
initial apicid	: 1
fpu		: yes
fpu_exception	: yes
cpuid level	: 11
wp		: yes
flags		: fpu vme de pse tsc msr pae mce cx8 apic sep mtrr pge mca cmov pat pse36 clflush dts acpi mmx fxsr sse sse2 ss ht tm pbe syscall nx rdtscp lm constant_tsc arch_perfmon pebs bts nopl xtopology nonstop_tsc aperfmperf pni dtes64 monitor ds_cpl vmx est tm2 ssse3 cx16 xtpr pdcm sse4_1 sse4_2 popcnt lahf_lm arat dtherm tpr_shadow vnmi flexpriority ept vpid
bogomips	: 4256.78
clflush size	: 64
cache_alignment	: 64
address sizes	: 36 bits physical, 48 bits virtual
power management:

processor	: 2
vendor_id	: GenuineIntel
cpu family	: 6
model		: 37
model name	: Intel(R) Core(TM) i3 CPU       M 330  @ 2.13GHz
stepping	: 2
microcode	: 0x8
cpu MHz		: 1999.000
cache size	: 3072 KB
physical id	: 0
siblings	: 4
core id		: 2
cpu cores	: 2
apicid		: 4
initial apicid	: 4
fpu		: yes
fpu_exception	: yes
cpuid level	: 11
wp		: yes
flags		: fpu vme de pse tsc msr pae mce cx8 apic sep mtrr pge mca cmov pat pse36 clflush dts acpi mmx fxsr sse sse2 ss ht tm pbe syscall nx rdtscp lm constant_tsc arch_perfmon pebs bts nopl xtopology nonstop_tsc aperfmperf pni dtes64 monitor ds_cpl vmx est tm2 ssse3 cx16 xtpr pdcm sse4_1 sse4_2 popcnt lahf_lm arat dtherm tpr_shadow vnmi flexpriority ept vpid
bogomips	: 4256.78
clflush size	: 64
cache_alignment	: 64
address sizes	: 36 bits physical, 48 bits virtual
power management:

processor	: 3
vendor_id	: GenuineIntel
cpu family	: 6
model		: 37
model name	: Intel(R) Core(TM) i3 CPU       M 330  @ 2.13GHz
stepping	: 2
microcode	: 0x8
cpu MHz		: 2133.000
cache size	: 3072 KB
physical id	: 0
siblings	: 4
core id		: 2
cpu cores	: 2
apicid		: 5
initial apicid	: 5
fpu		: yes
fpu_exception	: yes
cpuid level	: 11
wp		: yes
flags		: fpu vme de pse tsc msr pae mce cx8 apic sep mtrr pge mca cmov pat pse36 clflush dts acpi mmx fxsr sse sse2 ss ht tm pbe syscall nx rdtscp lm constant_tsc arch_perfmon pebs bts nopl xtopology nonstop_tsc aperfmperf pni dtes64 monitor ds_cpl vmx est tm2 ssse3 cx16 xtpr pdcm sse4_1 sse4_2 popcnt lahf_lm arat dtherm tpr_shadow vnmi flexpriority ept vpid
bogomips	: 4256.78
clflush size	: 64
cache_alignment	: 64
address sizes	: 36 bits physical, 48 bits virtual
power management:



Memory: 4k page, physical 3006124k(77256k free), swap 1028124k(153520k free)

vm_info: Java HotSpot(TM) 64-Bit Server VM (24.0-b56) for linux-amd64 JRE (1.7.0_40-b43), built on Aug 26 2013 23:53:33 by "java_re" with gcc 4.3.0 20080428 (Red Hat 4.3.0-8)

time: Mon Nov 25 00:57:26 2013
elapsed time: 0 seconds

